# Fat bodies positively and negatively correlated modules (abs > 60)
FBpos_ye <- module.gene.mapping %>% 
  filter(`bwnet$colors` == 'yellow') %>% 
  rownames()
FBpos_dm <- module.gene.mapping %>% 
  filter(`bwnet$colors` == 'darkmagenta') %>% 
  rownames()
FBpos_dg <- module.gene.mapping %>% 
  filter(`bwnet$colors` == 'darkgreen') %>% 
  rownames()
FBpos_sb <- module.gene.mapping %>% 
  filter(`bwnet$colors` == 'skyblue') %>% 
  rownames()
FBpos_rb <- module.gene.mapping %>% 
  filter(`bwnet$colors` == 'royalblue') %>% 
  rownames()
FBpos_or <- module.gene.mapping %>% 
  filter(`bwnet$colors` == 'orange') %>% 
  rownames()
FBpos_wh <- module.gene.mapping %>% 
  filter(`bwnet$colors` == 'white') %>% 
  rownames()
FBneg_pi <- module.gene.mapping %>% 
  filter(`bwnet$colors` == 'pink') %>% 
  rownames()

# Fore gut positively and negatively correlated modules (abs > 60)
FGpos_gr <- module.gene.mapping %>% 
  filter(`bwnet$colors` == 'green') %>% 
  rownames()
FGpos_ta <- module.gene.mapping %>% 
  filter(`bwnet$colors` == 'tan') %>% 
  rownames()
FGneg_s3 <- module.gene.mapping %>% 
  filter(`bwnet$colors` == 'skyblue3') %>% 
  rownames()

# Mid gut positively correlated modules (abs > 60)
MGpos_bl <- module.gene.mapping %>% 
  filter(`bwnet$colors` == 'blue') %>% 
  rownames()
MGpos_dg <- module.gene.mapping %>% 
  filter(`bwnet$colors` == 'darkolivegreen') %>% 
  rownames()

# Hind gut positively correlated modules (abs > 60)
HGpos_pu <- module.gene.mapping %>% 
  filter(`bwnet$colors` == 'purple') %>% 
  rownames()
HGpos_mb <- module.gene.mapping %>% 
  filter(`bwnet$colors` == 'midnightblue') %>% 
  rownames()
HGpos_ly <- module.gene.mapping %>% 
  filter(`bwnet$colors` == 'lightyellow') %>% 
  rownames()

# Malpighian tubes positively correlated modules (abs > 60)
MTpos_s3 <- module.gene.mapping %>% 
  filter(`bwnet$colors` == 'skyblue3') %>% 
  rownames()
MTpos_br <- module.gene.mapping %>% 
  filter(`bwnet$colors` == 'brown') %>% 
  rownames()

# Salivary glans positively correlated modules (abs > 60)
SGpos_re <- module.gene.mapping %>% 
  filter(`bwnet$colors` == 'red') %>% 
  rownames()
SGpos_dr <- module.gene.mapping %>% 
  filter(`bwnet$colors` == 'darkred') %>% 
  rownames()
SGpos_dg <- module.gene.mapping %>% 
  filter(`bwnet$colors` == 'darkolivegreen') %>% 
  rownames()

Module_list <- list(FBpos_ye,FBpos_dm,FBpos_dg,FBpos_sb,FBpos_rb,FBpos_or,FBpos_wh,FBneg_pi,
                    FGpos_gr,FGpos_ta,FGneg_s3,
                    MGpos_bl,MGpos_dg,
                    HGpos_pu,HGpos_mb,HGpos_ly,
                    MTpos_s3,MTpos_br,
                    SGpos_re,SGpos_dr,SGpos_dg)

Module_name <- c("FBpos_ye","FBpos_dm","FBpos_dg","FBpos_sb","FBpos_rb","FBpos_or","FBpos_wh","FBneg_pi",
                 "FGpos_gr","FGpos_ta","FGneg_s3",
                 "MGpos_bl","MGpos_dg",
                 "HGpos_pu","HGpos_mb","HGpos_ly",
                 "MTpos_s3","MTpos_br",
                 "SGpos_re","SGpos_dr","SGpos_dg")

# Codigo de 18.12.2025
for (i in 1:length(Module_list)) {
  modulo <- Module_list[[i]]
  modulo <- modulo[grepl("_", modulo)]
  if (length(modulo) >= 1) { 
    print(Module_name[[i]])
    print(length(Module_list[[i]]))
    print(paste(modulo, collapse = "|"))
  }
}

# [1] "FBpos_ye"
# [1] "CDS_defensin_g1_i1"                 "CDS_defensin_g1_i2"                 "CDS_defensin_g2"                   
# [4] "CDS_defensin_g8"                    "CDS_termicin_g2"                    "CDS_termicin_g3"                   
# [7] "CDS_blattellicin_g3"                "CDS_blattellicin_g4"                "IMD_SkpA_BgeEVm015521t1"           
# [10] "Blattellicin_g4_alt_BgeEVm012378t1" "Termicin_g1_alt_BgeEVm021689t1"     "Toll_Cact_BgeEVm007092t2"          
# [13] "Toll_spz6_BgeEVm007766t1"           "IMD_nemo_BgeEVm007246t1"            "IMD_PGRP-LC_BgeEVm007855t6"        
# [16] "Toll_Cact_BgeEVm007092t4"           "Toll_Cact_BgeEVm007092t5"           "Defensin_g2_alt_BgeEVm024201t2"    
# [19] "IMD_Duox_BgeEVm000625t3"            "IMD_Duox_BgeEVm000625t2"            "IMD_PGRP-LC_BgeEVm007855t3"        
# [22] "Toll_smt3_BgeEVm023921t1"  

# [1] "FBpos_dg"
# [1] "Toll_Cact_BgeEVm007092t3"

# [1] "FBpos_rb"
# [1] "Toll_Tl-Toll-like_BgeEVm001410t1" "Toll_Lwr_BgeEVm015656t2"          "Toll_Lwr_BgeEVm015656t1"         
# [4] "Toll_Tl-Toll-like_BgeEVm001410t2"

# [1] "FBpos_or"
# [1] "Toll_Ush_BgeEVm001356t1"

# [1] "FBneg_pi"
# [1] "CDS_defensin_g11"           "CDS_drosomycin_g5"          "IMD_akirin_BgeEVm014785t1" 
# [4] "Toll_cactin_BgeEVm003343t1" "Toll_tollip_BgeEVm011590t3" "Toll_tamo_BgeEVm003149t1"  
# [7] "IMD_Cyld_BgeEVm001283t3"   

# [1] "FGpos_gr"
# [1] "Toll_pli2_BgeEVm007692t1"         "Toll_Toll-like-R7_BgeEVm000745t1" "Toll_Tollo_BgeEVm000724t1"       
# [4] "Toll_Toll-like-R7_BgeEVm000745t3" "IMD_PGRP-LC_BgeEVm007855t10"      "IMD_PGRP-LC_BgeEVm007855t9"      
# [7] "Toll_Toll-like-R7_BgeEVm000745t2"

# [1] "FGpos_ta"
# [1] "Toll_dl_BgeEVm003323t2"     "Toll_Toll-6_BgeEVm000951t2" "IMD_PGRP-LC_BgeEVm007855t2"

# [1] "FGneg_s3"
# [1] "Toll_Tollo_BgeEVm000724t2"

# [1] "MGpos_bl"
# [1] "CDS_defensin_g9"                   "CDS_defensin_g10"                  "IMD_Skp2_BgeEVm010481t1"          
# [4] "IMD_eff_BgeEVm016400t1"            "Toll_Toll-like-R13_BgeEVm001898t3" "IMD_CASP_BgeEVm010772t1"          
# [7] "IMD_FADD2_BgeEVm012585t1"          "IMD_Npc2_BgeEVm016309t1"           "Toll_cactin_BgeEVm003343t2"       
# [10] "Toll_Toll-like-R13_BgeEVm001898t2" "IMD_CASP_BgeEVm010772t2"           "Toll_dl_BgeEVm003323t3"           
# [13] "Toll_MyD88_BgeEVm008366t3"         "IMD_Npc2_BgeEVm016309t2"           "Defensin_g10_alt_BgeEVm025224t2"  
# [16] "Drosomycin_g5_alt_BgeEVm035060t2" 

# [1] "HGpos_pu"
# [1] "Toll_Toll-6_BgeEVm000951t1" "Toll_spz3_BgeEVm007398t2"   "IMD_PGRP-LC_BgeEVm007855t5"

# [1] "HGpos_mb"
# [1] "CDS_drosomycin_g9"                "CDS_Attacin-like_g3A"             "Drosomycin_g9_alt_BgeEVm035060t1"
# [4] "IMD_rel_BgeEVm001701t2"      

# [1] "MTpos_s3"
# [1] "Toll_Tollo_BgeEVm000724t2"

# [1] "MTpos_br"
# [1] "CDS_drosomycin_g13"                "IMD_cad_BgeEVm010984t2"            "Toll_spz3_BgeEVm007398t1"         
# [4] "IMD_Ntf2_BgeEVm017640t1"           "IMD_PGRP-LC_BgeEVm007855t8"        "IMD_Cyld_BgeEVm001283t2"          
# [7] "IMD_cad_BgeEVm010984t1"            "IMD_Tab2_BgeEVm007139t3"           "IMD_Tab2_BgeEVm007139t2"          
# [10] "IMD_scny_BgeEVm001097t2"           "IMD_Ntf2_BgeEVm017640t2"           "Toll_tollip_BgeEVm011590t2"       
# [13] "Drosomycin_g13_alt_BgeEVm040569t1"

# [1] "SGpos_re"
# [1] "CDS_defensin_g3"                  "CDS_defensin_g4"                  "CDS_defensin_g5"                 
# [4] "CDS_defensin_g6"                  "CDS_defensin_g14"                 "CDS_defensin_g15"                
# [7] "CDS_defensin_g16_i1"              "CDS_defensin_g16_i2"              "IMD_PGRP-LC_BgeEVm007855t1"      
# [10] "Toll_Ush_BgeEVm001356t2"          "Toll_Aos1_BgeEVm009776t2"         "Defensin_g3-5_alt_BgeEVm027919t1"
# [13] "Defensin_g15_alt_BgeEVm023384t1" 

# GROUPS
heatmap.data <- merge(module_eigengenes, traits_group, by = 'row.names')

head(heatmap.data)

heatmap.data <- heatmap.data %>% 
  column_to_rownames(var = 'Row.names')

CorLevelPlot(heatmap.data,
             x = names(heatmap.data)[39:42],
             y = names(heatmap.data)[1:38],
             col = c("blue1", "skyblue", "white", "pink", "red"))

# Positively correlated with GFaFeces infected (all samples)
G2r_pos_pt <- module.gene.mapping %>% 
  filter(`bwnet$colors` == 'paleturquoise') %>% 
  rownames()
G2r_pos_sb <- module.gene.mapping %>% 
  filter(`bwnet$colors` == 'skyblue') %>% 
  rownames()

Module_list <- list(G2r_pos_pt, G2r_pos_sb)
Module_name <- list("G2r_pos_pt", "G2r_pos_sb")

# Codigo de 18.12.2025
for (i in 1:length(Module_list)) {
  modulo <- Module_list[[i]]
  modulo <- modulo[grepl("_", modulo)]
  if (length(modulo) >= 1) { 
    print(Module_name[[i]])
    print(length(Module_list[[i]]))
    print(paste(modulo, collapse = "|"))
  }
}
# [1] "G2r_pos_pt"
# [1] 111
# [1] "IMD_Duox_BgeEVm000625t4"


# TISSUES + GROUP
heatmap.data.tg <- merge(module_eigengenes, traits_tisgroup, by = 'row.names')

head(heatmap.data.tg)

heatmap.data.tg <- heatmap.data.tg %>% 
  column_to_rownames(var = 'Row.names')


CorLevelPlot(heatmap.data.tg,
             x = names(heatmap.data.tg)[39:56],
             y = names(heatmap.data.tg)[1:38],
             col = c("blue1", "skyblue", "white", "pink", "red"))


# Positively and negatively correlated (all samples)
FBCtrl_pos_ma <- module.gene.mapping %>% 
  filter(`bwnet$colors` == 'darkmagenta') %>% 
  rownames()
FBCtrl_neg_vi <- module.gene.mapping %>% 
  filter(`bwnet$colors` == 'violet') %>% 
  rownames()
HGCtrl_pos_sa <- module.gene.mapping %>% 
  filter(`bwnet$colors` == 'salmon') %>% 
  rownames()
HGCtrl_pos_sb <- module.gene.mapping %>% 
  filter(`bwnet$colors` == 'saddlebrown') %>% 
  rownames()
MTCtrl_pos_tu <- module.gene.mapping %>% 
  filter(`bwnet$colors` == 'turquoise') %>% 
  rownames()
FBG2r_pos_pt <- module.gene.mapping %>% 
  filter(`bwnet$colors` == 'paleturquoise') %>% 
  rownames()
FBG2r_pos_sb <- module.gene.mapping %>% 
  filter(`bwnet$colors` == 'skyblue') %>% 
  rownames()
HGFeces_pos_mb <- module.gene.mapping %>% 
  filter(`bwnet$colors` == 'midnightblue') %>% 
  rownames()
FBGF_pos_ma <- module.gene.mapping %>% 
  filter(`bwnet$colors` == 'magenta') %>% 
  rownames()

Module_list <- list(FBCtrl_pos_ma, FBCtrl_neg_vi, 
                    HGCtrl_pos_sa, HGCtrl_pos_sb,
                    MTCtrl_pos_tu, 
                    FBG2r_pos_pt, FBG2r_pos_sb,
                    HGFeces_pos_mb, 
                    FBGF_pos_ma)

Module_name <- list("FBCtrl_pos_ma", "FBCtrl_neg_vi",
                    "HGCtrl_pos_sa","HGCtrl_pos_sb",
                    "MTCtrl_pos_tu",
                    "FBG2r_pos_pt","FBG2r_pos_sb",
                    "HGFeces_pos_mb",
                    "FBGF_pos_ma")


# Codigo de 18.12.2025
for (i in 1:length(Module_list)) {
  modulo <- Module_list[[i]]
  modulo <- modulo[grepl("_", modulo)]
  if (length(modulo) >= 1) { 
    print(Module_name[[i]])
    print(length(Module_list[[i]]))
    print(paste(modulo, collapse = "|"))
  }
}

# [1] "MTCtrl_pos_tu"
# [1] 6700
# [1] "Toll_Lwr2_BgeEVm015620t1"
# [1] "FBG2r_pos_pt"
# [1] 111
# [1] "IMD_Duox_BgeEVm000625t4"
# [1] "HGFeces_pos_mb"
# [1] 700
# [1] "CDS_drosomycin_g9|CDS_Attacin-like_g3A|Drosomycin_g9_alt_BgeEVm035060t1|IMD_rel_BgeEVm001701t2"
# [1] "FBGF_pos_ma"
# [1] 1974
# [1] "CDS_defensin_g7|CDS_drosomycin_g3|CDS_Attacin-like_g2|CDS_Attacin-like_g3B|Defensin_g1_alt_BgeEVm024201t1|IMD_dsp1_BgeEVm009862t1|IMD_scny_BgeEVm001097t1|Toll_Ulp1_BgeEVm003986t1|Termicin_g3_alt_BgeEVm021689t2|Drosomcin_g3_alt_BgeEVm027887t1"

# Adding relevant Eggnog information of each module
Annotations <- read.csv2("../7.EggNOG/Bge_Annotations.tsv", sep = "\t")

Annotations_FBneg_dg <- Annotations[Annotations$query %in% FBneg_dg, ]
Annotations_FBneg_dg <- Annotations_FBneg_dg[,c("query", "Description", "Preferred_name", "PFAMs")]
